0 info it worked if it ends with ok
1 verbose cli [ 'C:\\Program Files\\nodejs\\node.exe',
1 verbose cli   'C:\\Program Files\\nodejs\\node_modules\\npm\\bin\\npm-cli.js',
1 verbose cli   'run',
1 verbose cli   'dev' ]
2 info using npm@3.10.9
3 info using node@v6.9.2
4 verbose run-script [ 'predev', 'dev', 'postdev' ]
5 info lifecycle stock-tracker@1.0.0~predev: stock-tracker@1.0.0
6 silly lifecycle stock-tracker@1.0.0~predev: no script for predev, continuing
7 info lifecycle stock-tracker@1.0.0~dev: stock-tracker@1.0.0
8 verbose lifecycle stock-tracker@1.0.0~dev: unsafe-perm in lifecycle true
9 verbose lifecycle stock-tracker@1.0.0~dev: PATH: C:\Program Files\nodejs\node_modules\npm\bin\node-gyp-bin;C:\Users\Alistair\Documents\Github\stock-tracker\node_modules\.bin;C:\ProgramData\Oracle\Java\javapath;C:\Users\Alistair\AppData\Roaming\npm;C:\Program Files\MongoDB\Server\3.4\bin;C:\Program Files\nodejs\;C:\Windows\System32\;C:\Program Files\Git\cmd;C:\Program Files\Microsoft SQL Server\130\Tools\Binn\;C:\Program Files (x86)\Skype\Phone\;C:\ProgramData\Chocolatey\bin;C:\Program Files\dotnet\;C:\Program Files\Calibre2\;C:\Program Files\MySQL\MySQL Utilities 1.6\;;C:\Program Files (x86)\Microsoft VS Code\bin;C:\Users\Alistair\AppData\Roaming\npm;C:\Program Files\Heroku\bin;C:\Users\Alistair\AppData\Local\Yarn\.bin
10 verbose lifecycle stock-tracker@1.0.0~dev: CWD: C:\Users\Alistair\Documents\Github\stock-tracker
11 silly lifecycle stock-tracker@1.0.0~dev: Args: [ '/d /s /c', 'nodemon server.js' ]
12 verbose stack Error: kill ENOSYS
12 verbose stack     at exports._errnoException (util.js:1022:11)
12 verbose stack     at process.kill (internal/process.js:172:13)
12 verbose stack     at process.listener (C:\Program Files\nodejs\node_modules\npm\node_modules\npmlog\node_modules\gauge\node_modules\signal-exit\index.js:86:15)
12 verbose stack     at emitNone (events.js:91:20)
12 verbose stack     at process.emit (events.js:185:7)
12 verbose stack     at processEmit (C:\Program Files\nodejs\node_modules\npm\node_modules\npmlog\node_modules\gauge\node_modules\signal-exit\index.js:146:32)
12 verbose stack     at processEmit (C:\Program Files\nodejs\node_modules\npm\node_modules\npm-registry-client\node_modules\npmlog\node_modules\gauge\node_modules\signal-exit\index.js:146:32)
12 verbose stack     at Signal.wrap.onsignal (internal/process.js:199:44)
13 verbose cwd C:\Users\Alistair\Documents\Github\stock-tracker
14 error Windows_NT 10.0.14393
15 error argv "C:\\Program Files\\nodejs\\node.exe" "C:\\Program Files\\nodejs\\node_modules\\npm\\bin\\npm-cli.js" "run" "dev"
16 error node v6.9.2
17 error npm  v3.10.9
18 error code ENOSYS
19 error errno ENOSYS
20 error syscall kill
21 error kill ENOSYS
22 error If you need help, you may report this error at:
22 error     <https://github.com/npm/npm/issues>
23 verbose exit [ 1, true ]
